#
# There is insufficient memory for the Java Runtime Environment to continue.
# Native memory allocation (malloc) failed to allocate 1568896 bytes for Chunk::new
# Possible reasons:
#   The system is out of physical RAM or swap space
#   The process is running with CompressedOops enabled, and the Java Heap may be blocking the growth of the native heap
# Possible solutions:
#   Reduce memory load on the system
#   Increase physical memory or swap space
#   Check if swap backing store is full
#   Decrease Java heap size (-Xmx/-Xms)
#   Decrease number of Java threads
#   Decrease Java thread stack sizes (-Xss)
#   Set larger code cache with -XX:ReservedCodeCacheSize=
#   JVM is running with Unscaled Compressed Oops mode in which the Java heap is
#     placed in the first 4GB address space. The Java Heap base address is the
#     maximum limit for the native heap growth. Please use -XX:HeapBaseMinAddress
#     to set the Java Heap base and to place the Java Heap above 4GB virtual address.
# This output file may be truncated or incomplete.
#
#  Out of Memory Error (allocation.cpp:389), pid=16944, tid=0x00000000000041d8
#
# JRE version: OpenJDK Runtime Environment (8.0_242-b01) (build 1.8.0_242-release-1644-b01)
# Java VM: OpenJDK 64-Bit Server VM (25.242-b01 mixed mode windows-amd64 compressed oops)
# Failed to write core dump. Minidumps are not enabled by default on client versions of Windows
#

---------------  T H R E A D  ---------------

Current thread (0x0000000019ae1000):  JavaThread "C2 CompilerThread0" daemon [_thread_in_native, id=16856, stack(0x000000001a3b0000,0x000000001a4b0000)]

Stack: [0x000000001a3b0000,0x000000001a4b0000]
[error occurred during error reporting (printing stack bounds), id 0xc0000005]

Native frames: (J=compiled Java code, j=interpreted, Vv=VM code, C=native code)


Current CompileTask:
C2:  34944 14816 %     4       com.android.tools.r8.ir.regalloc.a::a @ 2154 (3992 bytes)


---------------  P R O C E S S  ---------------

Java Threads: ( => current thread )
  0x000000002024d000 JavaThread "stdout" [_thread_in_native, id=23228, stack(0x000000002d500000,0x000000002d600000)]
  0x0000000020254000 JavaThread "stderr" [_thread_in_native, id=29536, stack(0x000000002d400000,0x000000002d500000)]
  0x0000000020253000 JavaThread "pool-2-thread-1" [_thread_blocked, id=29180, stack(0x000000002d300000,0x000000002d400000)]
  0x0000000020251800 JavaThread "WorkerExecutor Queue" [_thread_blocked, id=22640, stack(0x000000002d100000,0x000000002d200000)]
  0x000000001f218800 JavaThread "Cache worker for execution history cache (C:\Users\khale\AndroidStudioProjects\IoT Dashboard (Stable)\IoTDashboard\.gradle\6.5\executionHistory)" [_thread_blocked, id=23688, stack(0x000000002c900000,0x000000002ca00000)]
  0x000000001f211000 JavaThread "Execution worker for ':' Thread 7" [_thread_blocked, id=9340, stack(0x000000002c800000,0x000000002c900000)]
  0x000000001f212800 JavaThread "Execution worker for ':' Thread 6" [_thread_blocked, id=23476, stack(0x000000002c700000,0x000000002c800000)]
  0x000000001f211800 JavaThread "Execution worker for ':' Thread 5" [_thread_blocked, id=16388, stack(0x000000002c600000,0x000000002c700000)]
  0x000000001f217800 JavaThread "Execution worker for ':' Thread 4" [_thread_blocked, id=14392, stack(0x000000002c500000,0x000000002c600000)]
  0x000000001f214800 JavaThread "Execution worker for ':' Thread 3" [_thread_blocked, id=26412, stack(0x000000002c400000,0x000000002c500000)]
  0x000000001f217000 JavaThread "Execution worker for ':' Thread 2" [_thread_blocked, id=21908, stack(0x000000002c300000,0x000000002c400000)]
  0x000000001f215800 JavaThread "Execution worker for ':'" [_thread_blocked, id=23948, stack(0x0000000025220000,0x0000000025320000)]
  0x000000001f209800 JavaThread "Cache worker for file content cache (C:\Users\khale\AndroidStudioProjects\IoT Dashboard (Stable)\IoTDashboard\.gradle\6.5\fileContent)" [_thread_blocked, id=9060, stack(0x000000002aa90000,0x000000002ab90000)]
  0x000000001f20e800 JavaThread "Memory manager" [_thread_blocked, id=23588, stack(0x000000002ae30000,0x000000002af30000)]
  0x000000001f20e000 JavaThread "Cache worker for Build Output Cleanup Cache (C:\Users\khale\AndroidStudioProjects\IoT Dashboard (Stable)\IoTDashboard\.gradle\buildOutputCleanup)" [_thread_blocked, id=27752, stack(0x0000000029b90000,0x0000000029c90000)]
  0x000000001f6d5000 JavaThread "jar transforms Thread 92" [_thread_blocked, id=20484, stack(0x0000000029a90000,0x0000000029b90000)]
  0x000000001f6cd800 JavaThread "jar transforms Thread 91" [_thread_blocked, id=26964, stack(0x0000000029990000,0x0000000029a90000)]
  0x000000001f6d4000 JavaThread "jar transforms Thread 90" [_thread_blocked, id=22296, stack(0x0000000029890000,0x0000000029990000)]
  0x000000001f6d3800 JavaThread "jar transforms Thread 89" [_thread_blocked, id=848, stack(0x0000000029790000,0x0000000029890000)]
  0x000000001f6d2000 JavaThread "jar transforms Thread 88" [_thread_blocked, id=1080, stack(0x0000000029690000,0x0000000029790000)]
  0x000000001f6cf800 JavaThread "jar transforms Thread 87" [_thread_blocked, id=1540, stack(0x0000000029590000,0x0000000029690000)]
  0x000000001f6d1000 JavaThread "jar transforms Thread 86" [_thread_blocked, id=18408, stack(0x0000000029490000,0x0000000029590000)]
  0x000000001f6d0800 JavaThread "jar transforms Thread 85" [_thread_blocked, id=29044, stack(0x0000000029390000,0x0000000029490000)]
  0x000000001f6d2800 JavaThread "jar transforms Thread 84" [_thread_blocked, id=29324, stack(0x0000000029290000,0x0000000029390000)]
  0x000000001f6cf000 JavaThread "jar transforms Thread 83" [_thread_blocked, id=18280, stack(0x0000000029190000,0x0000000029290000)]
  0x000000001f6c6000 JavaThread "jar transforms Thread 82" [_thread_blocked, id=28212, stack(0x0000000029090000,0x0000000029190000)]
  0x000000001f6cc800 JavaThread "jar transforms Thread 81" [_thread_blocked, id=20228, stack(0x0000000028f90000,0x0000000029090000)]
  0x000000001f6cb000 JavaThread "jar transforms Thread 80" [_thread_blocked, id=29020, stack(0x0000000028e90000,0x0000000028f90000)]
  0x000000001f6c9800 JavaThread "jar transforms Thread 79" [_thread_blocked, id=26584, stack(0x0000000028d90000,0x0000000028e90000)]
  0x000000001f6ca800 JavaThread "jar transforms Thread 78" [_thread_blocked, id=6796, stack(0x0000000028c90000,0x0000000028d90000)]
  0x000000001f6c6800 JavaThread "jar transforms Thread 77" [_thread_blocked, id=548, stack(0x0000000028b90000,0x0000000028c90000)]
  0x000000001f6c9000 JavaThread "jar transforms Thread 76" [_thread_blocked, id=6140, stack(0x0000000028a90000,0x0000000028b90000)]
  0x000000001f6cc000 JavaThread "jar transforms Thread 75" [_thread_blocked, id=27896, stack(0x0000000028990000,0x0000000028a90000)]
  0x000000001f6c7800 JavaThread "jar transforms Thread 74" [_thread_blocked, id=2388, stack(0x0000000028890000,0x0000000028990000)]
  0x000000001f6c8000 JavaThread "jar transforms Thread 73" [_thread_blocked, id=27740, stack(0x0000000028790000,0x0000000028890000)]
  0x000000001f972800 JavaThread "jar transforms Thread 72" [_thread_blocked, id=25068, stack(0x0000000028690000,0x0000000028790000)]
  0x000000001f971000 JavaThread "jar transforms Thread 71" [_thread_blocked, id=26904, stack(0x0000000028590000,0x0000000028690000)]
  0x000000001f975000 JavaThread "jar transforms Thread 70" [_thread_blocked, id=21316, stack(0x0000000028490000,0x0000000028590000)]
  0x000000001f96f800 JavaThread "jar transforms Thread 69" [_thread_blocked, id=27312, stack(0x0000000028390000,0x0000000028490000)]
  0x000000001f972000 JavaThread "jar transforms Thread 68" [_thread_blocked, id=28016, stack(0x0000000028290000,0x0000000028390000)]
  0x000000001f974000 JavaThread "jar transforms Thread 67" [_thread_blocked, id=9956, stack(0x0000000028190000,0x0000000028290000)]
  0x000000001f970800 JavaThread "jar transforms Thread 66" [_thread_blocked, id=19468, stack(0x0000000028090000,0x0000000028190000)]
  0x000000001f96f000 JavaThread "jar transforms Thread 65" [_thread_blocked, id=14300, stack(0x0000000027f90000,0x0000000028090000)]
  0x000000001f973800 JavaThread "jar transforms Thread 64" [_thread_blocked, id=15948, stack(0x0000000027e90000,0x0000000027f90000)]
  0x000000001f96e000 JavaThread "jar transforms Thread 63" [_thread_blocked, id=26008, stack(0x0000000027d90000,0x0000000027e90000)]
  0x000000001f966800 JavaThread "jar transforms Thread 62" [_thread_blocked, id=19312, stack(0x0000000027c90000,0x0000000027d90000)]
  0x000000001f96d800 JavaThread "jar transforms Thread 61" [_thread_blocked, id=13292, stack(0x0000000027b90000,0x0000000027c90000)]
  0x000000001f965800 JavaThread "jar transforms Thread 60" [_thread_blocked, id=26908, stack(0x0000000027a90000,0x0000000027b90000)]
  0x000000001f96c800 JavaThread "jar transforms Thread 59" [_thread_blocked, id=18244, stack(0x0000000027990000,0x0000000027a90000)]
  0x000000001f968000 JavaThread "jar transforms Thread 58" [_thread_blocked, id=9244, stack(0x0000000027890000,0x0000000027990000)]
  0x000000001f969800 JavaThread "jar transforms Thread 57" [_thread_blocked, id=18964, stack(0x0000000027790000,0x0000000027890000)]
  0x000000001f96a800 JavaThread "jar transforms Thread 56" [_thread_blocked, id=29500, stack(0x0000000027690000,0x0000000027790000)]
  0x000000001f96c000 JavaThread "jar transforms Thread 55" [_thread_blocked, id=25492, stack(0x0000000027590000,0x0000000027690000)]
  0x000000001f968800 JavaThread "jar transforms Thread 54" [_thread_blocked, id=20216, stack(0x0000000027490000,0x0000000027590000)]
  0x000000001f967000 JavaThread "jar transforms Thread 53" [_thread_blocked, id=29488, stack(0x0000000027390000,0x0000000027490000)]
  0x000000001f96b000 JavaThread "jar transforms Thread 52" [_thread_blocked, id=23140, stack(0x0000000027290000,0x0000000027390000)]
  0x000000001cc34000 JavaThread "jar transforms Thread 51" [_thread_blocked, id=13632, stack(0x0000000027190000,0x0000000027290000)]
  0x000000001cc33000 JavaThread "jar transforms Thread 50" [_thread_blocked, id=28616, stack(0x0000000027090000,0x0000000027190000)]
  0x000000001cc32800 JavaThread "jar transforms Thread 49" [_thread_blocked, id=7292, stack(0x0000000026f90000,0x0000000027090000)]
  0x000000001cc38800 JavaThread "jar transforms Thread 48" [_thread_blocked, id=28280, stack(0x0000000026e90000,0x0000000026f90000)]
  0x000000001cc37800 JavaThread "jar transforms Thread 47" [_thread_blocked, id=9272, stack(0x0000000026d90000,0x0000000026e90000)]
  0x000000001cc37000 JavaThread "jar transforms Thread 46" [_thread_blocked, id=6716, stack(0x0000000026c90000,0x0000000026d90000)]
  0x000000001cc36000 JavaThread "jar transforms Thread 45" [_thread_blocked, id=22060, stack(0x0000000026b90000,0x0000000026c90000)]
  0x000000001cc35800 JavaThread "jar transforms Thread 44" [_thread_blocked, id=28328, stack(0x0000000026a90000,0x0000000026b90000)]
  0x000000001cc34800 JavaThread "jar transforms Thread 43" [_thread_blocked, id=27088, stack(0x0000000026990000,0x0000000026a90000)]
  0x000000001cc31800 JavaThread "jar transforms Thread 42" [_thread_blocked, id=8292, stack(0x0000000026890000,0x0000000026990000)]
  0x000000001cc2a000 JavaThread "jar transforms Thread 41" [_thread_blocked, id=25924, stack(0x0000000026790000,0x0000000026890000)]
  0x000000001cc31000 JavaThread "jar transforms Thread 40" [_thread_blocked, id=6000, stack(0x0000000026690000,0x0000000026790000)]
  0x000000001cc30000 JavaThread "jar transforms Thread 39" [_thread_blocked, id=27576, stack(0x0000000026590000,0x0000000026690000)]
  0x000000001cc2b800 JavaThread "jar transforms Thread 38" [_thread_blocked, id=8896, stack(0x0000000026490000,0x0000000026590000)]
  0x000000001cc2e800 JavaThread "jar transforms Thread 37" [_thread_blocked, id=19500, stack(0x0000000026390000,0x0000000026490000)]
  0x000000001cc2d000 JavaThread "jar transforms Thread 36" [_thread_blocked, id=26296, stack(0x0000000026290000,0x0000000026390000)]
  0x000000001cc2b000 JavaThread "jar transforms Thread 35" [_thread_blocked, id=7120, stack(0x0000000026190000,0x0000000026290000)]
  0x000000001cc2c800 JavaThread "jar transforms Thread 34" [_thread_blocked, id=18672, stack(0x0000000026090000,0x0000000026190000)]
  0x000000001cc2e000 JavaThread "jar transforms Thread 33" [_thread_blocked, id=29544, stack(0x0000000025f90000,0x0000000026090000)]
  0x000000001cc29800 JavaThread "jar transforms Thread 32" [_thread_blocked, id=26848, stack(0x0000000025e90000,0x0000000025f90000)]
  0x000000001cc2f800 JavaThread "jar transforms Thread 31" [_thread_blocked, id=14028, stack(0x0000000025d90000,0x0000000025e90000)]
  0x0000000020718000 JavaThread "jar transforms Thread 30" [_thread_blocked, id=27768, stack(0x0000000025c90000,0x0000000025d90000)]
  0x0000000020717800 JavaThread "jar transforms Thread 29" [_thread_blocked, id=22080, stack(0x0000000025b90000,0x0000000025c90000)]
  0x0000000020715000 JavaThread "jar transforms Thread 28" [_thread_blocked, id=19340, stack(0x0000000025a90000,0x0000000025b90000)]
  0x0000000020716800 JavaThread "jar transforms Thread 27" [_thread_blocked, id=26724, stack(0x0000000025990000,0x0000000025a90000)]
  0x0000000020713800 JavaThread "jar transforms Thread 26" [_thread_blocked, id=13540, stack(0x0000000025890000,0x0000000025990000)]
  0x0000000020716000 JavaThread "jar transforms Thread 25" [_thread_blocked, id=32, stack(0x0000000025790000,0x0000000025890000)]
  0x0000000020711800 JavaThread "jar transforms Thread 24" [_thread_blocked, id=25840, stack(0x0000000025690000,0x0000000025790000)]
  0x0000000020713000 JavaThread "jar transforms Thread 23" [_thread_blocked, id=7100, stack(0x0000000025590000,0x0000000025690000)]
  0x0000000020714800 JavaThread "jar transforms Thread 22" [_thread_blocked, id=19068, stack(0x0000000025490000,0x0000000025590000)]
  0x0000000020710800 JavaThread "jar transforms Thread 21" [_thread_blocked, id=21172, stack(0x0000000025390000,0x0000000025490000)]
  0x0000000020712000 JavaThread "jar transforms Thread 20" [_thread_blocked, id=15184, stack(0x0000000023ce0000,0x0000000023de0000)]
  0x000000002070e800 JavaThread "jar transforms Thread 19" [_thread_blocked, id=28832, stack(0x0000000025120000,0x0000000025220000)]
  0x000000002070a800 JavaThread "jar transforms Thread 18" [_thread_blocked, id=23696, stack(0x0000000025020000,0x0000000025120000)]
  0x000000002070d800 JavaThread "jar transforms Thread 17" [_thread_blocked, id=2112, stack(0x0000000024f20000,0x0000000025020000)]
  0x000000002070f000 JavaThread "jar transforms Thread 16" [_thread_blocked, id=22184, stack(0x0000000024e20000,0x0000000024f20000)]
  0x000000002070c000 JavaThread "jar transforms Thread 15" [_thread_blocked, id=2752, stack(0x0000000024d20000,0x0000000024e20000)]
  0x0000000020709000 JavaThread "jar transforms Thread 14" [_thread_blocked, id=24988, stack(0x0000000024c20000,0x0000000024d20000)]
  0x000000002070a000 JavaThread "jar transforms Thread 13" [_thread_blocked, id=17812, stack(0x0000000024b20000,0x0000000024c20000)]
  0x0000000020710000 JavaThread "jar transforms Thread 12" [_thread_blocked, id=8840, stack(0x0000000024a20000,0x0000000024b20000)]
  0x000000002070d000 JavaThread "jar transforms Thread 11" [_thread_blocked, id=26168, stack(0x0000000024920000,0x0000000024a20000)]
  0x000000002070b800 JavaThread "jar transforms Thread 10" [_thread_blocked, id=27940, stack(0x0000000024820000,0x0000000024920000)]
  0x000000001bf16800 JavaThread "jar transforms Thread 9" [_thread_blocked, id=24600, stack(0x0000000024720000,0x0000000024820000)]
  0x000000001bf15800 JavaThread "jar transforms Thread 8" [_thread_blocked, id=17728, stack(0x0000000024620000,0x0000000024720000)]
  0x000000001bf14000 JavaThread "jar transforms Thread 7" [_thread_blocked, id=5244, stack(0x0000000024520000,0x0000000024620000)]
  0x000000001bf15000 JavaThread "jar transforms Thread 6" [_thread_blocked, id=11316, stack(0x0000000024420000,0x0000000024520000)]
  0x000000001bf0c800 JavaThread "jar transforms Thread 5" [_thread_blocked, id=7980, stack(0x0000000024320000,0x0000000024420000)]
  0x000000001bf13800 JavaThread "jar transforms Thread 4" [_thread_blocked, id=1688, stack(0x0000000024220000,0x0000000024320000)]
  0x000000001bf0c000 JavaThread "jar transforms Thread 3" [_thread_blocked, id=20256, stack(0x0000000024120000,0x0000000024220000)]
  0x000000001bf12800 JavaThread "jar transforms Thread 2" [_thread_blocked, id=22808, stack(0x0000000024020000,0x0000000024120000)]
  0x000000001bf11000 JavaThread "Build operations Thread 8" [_thread_blocked, id=22360, stack(0x0000000023be0000,0x0000000023ce0000)]
  0x000000001bf12000 JavaThread "Build operations Thread 7" [_thread_in_Java, id=22748, stack(0x0000000023ae0000,0x0000000023be0000)]
  0x000000001bf10800 JavaThread "Build operations Thread 6" [_thread_in_Java, id=29552, stack(0x00000000239e0000,0x0000000023ae0000)]
  0x000000001bf09000 JavaThread "Build operations Thread 5" [_thread_blocked, id=27984, stack(0x00000000238e0000,0x00000000239e0000)]
  0x000000001bf0f800 JavaThread "Build operations Thread 4" [_thread_in_Java, id=25296, stack(0x00000000237e0000,0x00000000238e0000)]
  0x000000001bf0e000 JavaThread "Build operations Thread 3" [_thread_blocked, id=5084, stack(0x00000000236e0000,0x00000000237e0000)]
  0x000000001bf0a800 JavaThread "Build operations Thread 2" [_thread_blocked, id=12912, stack(0x00000000235e0000,0x00000000236e0000)]
  0x000000001bf0f000 JavaThread "Build operations" [_thread_in_Java, id=8968, stack(0x00000000234e0000,0x00000000235e0000)]
  0x0000000019af0800 JavaThread "Cache worker for file content cache (C:\Users\khale\.gradle\caches\6.5\fileContent)" [_thread_blocked, id=27464, stack(0x0000000022de0000,0x0000000022ee0000)]
  0x0000000019af0000 JavaThread "jar transforms" [_thread_blocked, id=18580, stack(0x0000000022ce0000,0x0000000022de0000)]
  0x0000000019af1800 JavaThread "Cache worker for execution history cache (C:\Users\khale\.gradle\caches\6.5\executionHistory)" [_thread_blocked, id=4292, stack(0x00000000225e0000,0x00000000226e0000)]
  0x0000000019af3800 JavaThread "Cache worker for cache directory md-rule (C:\Users\khale\.gradle\caches\6.5\md-rule)" [_thread_blocked, id=18688, stack(0x00000000224e0000,0x00000000225e0000)]
  0x0000000019af6800 JavaThread "Cache worker for cache directory md-supplier (C:\Users\khale\.gradle\caches\6.5\md-supplier)" [_thread_blocked, id=7004, stack(0x0000000021070000,0x0000000021170000)]
  0x0000000019af4800 JavaThread "Cache worker for checksums cache (C:\Users\khale\AndroidStudioProjects\IoT Dashboard (Stable)\IoTDashboard\.gradle\checksums)" [_thread_blocked, id=28732, stack(0x0000000020d70000,0x0000000020e70000)]
  0x0000000019af3000 JavaThread "Cache worker for file hash cache (C:\Users\khale\AndroidStudioProjects\IoT Dashboard (Stable)\IoTDashboard\.gradle\6.5\fileHashes)" [_thread_blocked, id=18092, stack(0x00000000223e0000,0x00000000224e0000)]
  0x0000000019af6000 JavaThread "Cache worker for file hash cache (C:\Users\khale\.gradle\caches\6.5\fileHashes)" [_thread_blocked, id=520, stack(0x000000001ead0000,0x000000001ebd0000)]
  0x0000000019af5000 JavaThread "File lock request listener" [_thread_in_native, id=26136, stack(0x000000001e9d0000,0x000000001ead0000)]
  0x000000001c681000 JavaThread "Cache worker for journal cache (C:\Users\khale\.gradle\caches\journal-1)" [_thread_blocked, id=7076, stack(0x000000001e8d0000,0x000000001e9d0000)]
  0x000000001c5ae000 JavaThread "Thread-9" [_thread_blocked, id=28264, stack(0x000000001e5d0000,0x000000001e6d0000)]
  0x000000001c5c6800 JavaThread "Stdin handler" [_thread_blocked, id=288, stack(0x000000001e4d0000,0x000000001e5d0000)]
  0x000000001c5c2800 JavaThread "Asynchronous log dispatcher for DefaultDaemonConnection: socket connection from /127.0.0.1:61624 to /127.0.0.1:61625" [_thread_blocked, id=15588, stack(0x000000001e3d0000,0x000000001e4d0000)]
  0x000000001c5c0800 JavaThread "Daemon worker" [_thread_blocked, id=18888, stack(0x000000001e2d0000,0x000000001e3d0000)]
  0x000000001c5bf800 JavaThread "Cancel handler" [_thread_blocked, id=19248, stack(0x000000001e0d0000,0x000000001e1d0000)]
  0x000000001c58e800 JavaThread "Handler for socket connection from /127.0.0.1:61624 to /127.0.0.1:61625" [_thread_in_native, id=12488, stack(0x000000001dfd0000,0x000000001e0d0000)]
  0x000000001c587800 JavaThread "Daemon" [_thread_blocked, id=16012, stack(0x000000001dcd0000,0x000000001ddd0000)]
  0x000000001c564800 JavaThread "Daemon periodic checks" [_thread_blocked, id=27072, stack(0x000000001dbd0000,0x000000001dcd0000)]
  0x000000001c511800 JavaThread "Incoming local TCP Connector on port 61624" [_thread_in_native, id=1992, stack(0x000000001d990000,0x000000001da90000)]
  0x000000001c46d000 JavaThread "Daemon health stats" [_thread_blocked, id=25260, stack(0x000000001d350000,0x000000001d450000)]
  0x0000000019b82800 JavaThread "Service Thread" daemon [_thread_blocked, id=22324, stack(0x000000001a7b0000,0x000000001a8b0000)]
  0x0000000019af2000 JavaThread "C1 CompilerThread3" daemon [_thread_blocked, id=16968, stack(0x000000001a6b0000,0x000000001a7b0000)]
  0x0000000019ae9000 JavaThread "C2 CompilerThread2" daemon [_thread_in_native, id=8976, stack(0x000000001a5b0000,0x000000001a6b0000)]
  0x0000000019ae4000 JavaThread "C2 CompilerThread1" daemon [_thread_in_native, id=5328, stack(0x000000001a4b0000,0x000000001a5b0000)]
=>0x0000000019ae1000 JavaThread "C2 CompilerThread0" daemon [_thread_in_native, id=16856, stack(0x000000001a3b0000,0x000000001a4b0000)]
  0x0000000019adf800 JavaThread "Attach Listener" daemon [_thread_blocked, id=26144, stack(0x000000001a2b0000,0x000000001a3b0000)]
  0x0000000019ade000 JavaThread "Signal Dispatcher" daemon [_thread_blocked, id=20300, stack(0x000000001a1b0000,0x000000001a2b0000)]
  0x0000000019ad0800 JavaThread "Finalizer" daemon [_thread_blocked, id=20580, stack(0x0000000019fb0000,0x000000001a0b0000)]
  0x0000000017ccb800 JavaThread "Reference Handler" daemon [_thread_blocked, id=28120, stack(0x0000000019eb0000,0x0000000019fb0000)]
  0x0000000002b3e800 JavaThread "main" [_thread_blocked, id=29416, stack(0x0000000002960000,0x0000000002a60000)]

Other Threads:
  0x0000000017cc7800 VMThread [stack: 0x00000000199b0000,0x0000000019ab0000] [id=4220]
  0x0000000019b29800 WatcherThread [stack: 0x000000001a8b0000,0x000000001a9b0000] [id=8300]

VM state:not at safepoint (normal execution)

VM Mutex/Monitor currently owned by a thread: None

heap address: 0x0000000080000000, size: 2048 MB, Compressed Oops mode: 32-bit
Narrow klass base: 0x0000000000000000, Narrow klass shift: 3
Compressed class space size: 1073741824 Address: 0x0000000100000000

Heap:
 PSYoungGen      total 654848K, used 350537K [0x00000000d5580000, 0x0000000100000000, 0x0000000100000000)
  eden space 615936K, 55% used [0x00000000d5580000,0x00000000ea482db0,0x00000000faf00000)
  from space 38912K, 19% used [0x00000000faf00000,0x00000000fb64f930,0x00000000fd500000)
  to   space 37888K, 0% used [0x00000000fdb00000,0x00000000fdb00000,0x0000000100000000)
 ParOldGen       total 206848K, used 177060K [0x0000000080000000, 0x000000008ca00000, 0x00000000d5580000)
  object space 206848K, 85% used [0x0000000080000000,0x000000008ace91f8,0x000000008ca00000)
 Metaspace       used 80784K, capacity 85994K, committed 86168K, reserved 1124352K
  class space    used 11017K, capacity 11920K, committed 11952K, reserved 1048576K

Card table byte_map: [0x0000000012020000,0x0000000012430000] byte_map_base: 0x0000000011c20000

Marking Bits: (ParMarkBitMap*) 0x000000007509f030
 Begin Bits: [0x0000000012ee0000, 0x0000000014ee0000)
 End Bits:   [0x0000000014ee0000, 0x0000000016ee0000)

Polling page: 0x0000000001170000

CodeCache: size=245760Kb used=41012Kb max_used=42797Kb free=204747Kb
 bounds [0x0000000002c60000, 0x0000000005660000, 0x0000000011c60000]
 total_blobs=13274 nmethods=12442 adapters=742
 compilation: enabled

Compilation events (10 events):
Event: 34.919 Thread 0x0000000019af2000 15224       3       java.lang.Long::toString (129 bytes)
Event: 34.920 Thread 0x0000000019af2000 nmethod 15224 0x0000000003762850 code [0x0000000003762a00, 0x0000000003763038]
Event: 34.927 Thread 0x0000000019af2000 15225 %     3       com.android.tools.r8.graph.x::a @ 66 (95 bytes)
Event: 34.928 Thread 0x0000000019af2000 nmethod 15225% 0x0000000003761910 code [0x0000000003761b00, 0x0000000003762368]
Event: 34.928 Thread 0x0000000019af2000 15226       3       com.android.tools.r8.graph.l0$d::N (28 bytes)
Event: 34.929 Thread 0x0000000019af2000 nmethod 15226 0x0000000003761390 code [0x0000000003761500, 0x00000000037617e8]
Event: 34.929 Thread 0x0000000019af2000 15227       3       com.android.tools.r8.graph.x::a (95 bytes)
Event: 34.929 Thread 0x0000000019af2000 nmethod 15227 0x0000000004a72750 code [0x0000000004a72940, 0x0000000004a73108]
Event: 34.935 Thread 0x0000000019af2000 15228       2       java.util.stream.ReferencePipeline::sorted (6 bytes)
Event: 34.935 Thread 0x0000000019af2000 nmethod 15228 0x0000000004a72310 code [0x0000000004a72480, 0x0000000004a72668]

GC Heap History (10 events):
Event: 29.280 GC heap before
{Heap before GC invocations=22 (full 3):
 PSYoungGen      total 546816K, used 521948K [0x00000000d5580000, 0x00000000f9a80000, 0x0000000100000000)
  eden space 505856K, 100% used [0x00000000d5580000,0x00000000f4380000,0x00000000f4380000)
  from space 40960K, 39% used [0x00000000f7280000,0x00000000f8237150,0x00000000f9a80000)
  to   space 44544K, 0% used [0x00000000f4380000,0x00000000f4380000,0x00000000f6f00000)
 ParOldGen       total 206848K, used 133292K [0x0000000080000000, 0x000000008ca00000, 0x00000000d5580000)
  object space 206848K, 64% used [0x0000000080000000,0x000000008822b3a8,0x000000008ca00000)
 Metaspace       used 80362K, capacity 85544K, committed 85656K, reserved 1122304K
  class space    used 11009K, capacity 11909K, committed 11952K, reserved 1048576K
Event: 29.334 GC heap after
Heap after GC invocations=22 (full 3):
 PSYoungGen      total 550400K, used 13399K [0x00000000d5580000, 0x00000000fff80000, 0x0000000100000000)
  eden space 505856K, 0% used [0x00000000d5580000,0x00000000d5580000,0x00000000f4380000)
  from space 44544K, 30% used [0x00000000f4380000,0x00000000f5095f30,0x00000000f6f00000)
  to   space 42496K, 0% used [0x00000000fd600000,0x00000000fd600000,0x00000000fff80000)
 ParOldGen       total 206848K, used 145640K [0x0000000080000000, 0x000000008ca00000, 0x00000000d5580000)
  object space 206848K, 70% used [0x0000000080000000,0x0000000088e3a308,0x000000008ca00000)
 Metaspace       used 80362K, capacity 85544K, committed 85656K, reserved 1122304K
  class space    used 11009K, capacity 11909K, committed 11952K, reserved 1048576K
}
Event: 30.127 GC heap before
{Heap before GC invocations=23 (full 3):
 PSYoungGen      total 550400K, used 519255K [0x00000000d5580000, 0x00000000fff80000, 0x0000000100000000)
  eden space 505856K, 100% used [0x00000000d5580000,0x00000000f4380000,0x00000000f4380000)
  from space 44544K, 30% used [0x00000000f4380000,0x00000000f5095f30,0x00000000f6f00000)
  to   space 42496K, 0% used [0x00000000fd600000,0x00000000fd600000,0x00000000fff80000)
 ParOldGen       total 206848K, used 145640K [0x0000000080000000, 0x000000008ca00000, 0x00000000d5580000)
  object space 206848K, 70% used [0x0000000080000000,0x0000000088e3a308,0x000000008ca00000)
 Metaspace       used 80439K, capacity 85620K, committed 85912K, reserved 1124352K
  class space    used 11009K, capacity 11909K, committed 11952K, reserved 1048576K
Event: 30.156 GC heap after
Heap after GC invocations=23 (full 3):
 PSYoungGen      total 651776K, used 6823K [0x00000000d5580000, 0x00000000ffd00000, 0x0000000100000000)
  eden space 611840K, 0% used [0x00000000d5580000,0x00000000d5580000,0x00000000fab00000)
  from space 39936K, 17% used [0x00000000fd600000,0x00000000fdca9de0,0x00000000ffd00000)
  to   space 41984K, 0% used [0x00000000fab00000,0x00000000fab00000,0x00000000fd400000)
 ParOldGen       total 206848K, used 157217K [0x0000000080000000, 0x000000008ca00000, 0x00000000d5580000)
  object space 206848K, 76% used [0x0000000080000000,0x0000000089988770,0x000000008ca00000)
 Metaspace       used 80439K, capacity 85620K, committed 85912K, reserved 1124352K
  class space    used 11009K, capacity 11909K, committed 11952K, reserved 1048576K
}
Event: 31.228 GC heap before
{Heap before GC invocations=24 (full 3):
 PSYoungGen      total 651776K, used 618663K [0x00000000d5580000, 0x00000000ffd00000, 0x0000000100000000)
  eden space 611840K, 100% used [0x00000000d5580000,0x00000000fab00000,0x00000000fab00000)
  from space 39936K, 17% used [0x00000000fd600000,0x00000000fdca9de0,0x00000000ffd00000)
  to   space 41984K, 0% used [0x00000000fab00000,0x00000000fab00000,0x00000000fd400000)
 ParOldGen       total 206848K, used 157217K [0x0000000080000000, 0x000000008ca00000, 0x00000000d5580000)
  object space 206848K, 76% used [0x0000000080000000,0x0000000089988770,0x000000008ca00000)
 Metaspace       used 80575K, capacity 85690K, committed 85912K, reserved 1124352K
  class space    used 11010K, capacity 11910K, committed 11952K, reserved 1048576K
Event: 31.253 GC heap after
Heap after GC invocations=24 (full 3):
 PSYoungGen      total 653824K, used 7776K [0x00000000d5580000, 0x0000000100000000, 0x0000000100000000)
  eden space 611840K, 0% used [0x00000000d5580000,0x00000000d5580000,0x00000000fab00000)
  from space 41984K, 18% used [0x00000000fab00000,0x00000000fb298010,0x00000000fd400000)
  to   space 40960K, 0% used [0x00000000fd800000,0x00000000fd800000,0x0000000100000000)
 ParOldGen       total 206848K, used 162024K [0x0000000080000000, 0x000000008ca00000, 0x00000000d5580000)
  object space 206848K, 78% used [0x0000000080000000,0x0000000089e3a1b0,0x000000008ca00000)
 Metaspace       used 80575K, capacity 85690K, committed 85912K, reserved 1124352K
  class space    used 11010K, capacity 11910K, committed 11952K, reserved 1048576K
}
Event: 32.404 GC heap before
{Heap before GC invocations=25 (full 3):
 PSYoungGen      total 653824K, used 619616K [0x00000000d5580000, 0x0000000100000000, 0x0000000100000000)
  eden space 611840K, 100% used [0x00000000d5580000,0x00000000fab00000,0x00000000fab00000)
  from space 41984K, 18% used [0x00000000fab00000,0x00000000fb298010,0x00000000fd400000)
  to   space 40960K, 0% used [0x00000000fd800000,0x00000000fd800000,0x0000000100000000)
 ParOldGen       total 206848K, used 162024K [0x0000000080000000, 0x000000008ca00000, 0x00000000d5580000)
  object space 206848K, 78% used [0x0000000080000000,0x0000000089e3a1b0,0x000000008ca00000)
 Metaspace       used 80653K, capacity 85848K, committed 86168K, reserved 1124352K
  class space    used 11012K, capacity 11913K, committed 11952K, reserved 1048576K
Event: 32.438 GC heap after
Heap after GC invocations=25 (full 3):
 PSYoungGen      total 651776K, used 14427K [0x00000000d5580000, 0x00000000ffb00000, 0x0000000100000000)
  eden space 615936K, 0% used [0x00000000d5580000,0x00000000d5580000,0x00000000faf00000)
  from space 35840K, 40% used [0x00000000fd800000,0x00000000fe616f50,0x00000000ffb00000)
  to   space 38912K, 0% used [0x00000000faf00000,0x00000000faf00000,0x00000000fd500000)
 ParOldGen       total 206848K, used 168288K [0x0000000080000000, 0x000000008ca00000, 0x00000000d5580000)
  object space 206848K, 81% used [0x0000000080000000,0x000000008a458240,0x000000008ca00000)
 Metaspace       used 80653K, capacity 85848K, committed 86168K, reserved 1124352K
  class space    used 11012K, capacity 11913K, committed 11952K, reserved 1048576K
}
Event: 34.074 GC heap before
{Heap before GC invocations=26 (full 3):
 PSYoungGen      total 651776K, used 630363K [0x00000000d5580000, 0x00000000ffb00000, 0x0000000100000000)
  eden space 615936K, 100% used [0x00000000d5580000,0x00000000faf00000,0x00000000faf00000)
  from space 35840K, 40% used [0x00000000fd800000,0x00000000fe616f50,0x00000000ffb00000)
  to   space 38912K, 0% used [0x00000000faf00000,0x00000000faf00000,0x00000000fd500000)
 ParOldGen       total 206848K, used 168288K [0x0000000080000000, 0x000000008ca00000, 0x00000000d5580000)
  object space 206848K, 81% used [0x0000000080000000,0x000000008a458240,0x000000008ca00000)
 Metaspace       used 80704K, capacity 85924K, committed 86168K, reserved 1124352K
  class space    used 11014K, capacity 11915K, committed 11952K, reserved 1048576K
Event: 34.098 GC heap after
Heap after GC invocations=26 (full 3):
 PSYoungGen      total 654848K, used 7486K [0x00000000d5580000, 0x0000000100000000, 0x0000000100000000)
  eden space 615936K, 0% used [0x00000000d5580000,0x00000000d5580000,0x00000000faf00000)
  from space 38912K, 19% used [0x00000000faf00000,0x00000000fb64f930,0x00000000fd500000)
  to   space 37888K, 0% used [0x00000000fdb00000,0x00000000fdb00000,0x0000000100000000)
 ParOldGen       total 206848K, used 177060K [0x0000000080000000, 0x000000008ca00000, 0x00000000d5580000)
  object space 206848K, 85% used [0x0000000080000000,0x000000008ace91f8,0x000000008ca00000)
 Metaspace       used 80704K, capacity 85924K, committed 86168K, reserved 1124352K
  class space    used 11014K, capacity 11915K, committed 11952K, reserved 1048576K
}

Deoptimization events (10 events):
Event: 30.091 Thread 0x000000001bf0f000 Uncommon trap: reason=unstable_if action=reinterpret pc=0x00000000051b1028 method=com.android.tools.r8.graph.i0.b(Lcom/android/tools/r8/graph/i0;)I @ 83
Event: 30.183 Thread 0x000000001bf0f000 Uncommon trap: reason=unstable_if action=reinterpret pc=0x0000000004469a4c method=java.util.TimSort.countRunAndMakeAscending([Ljava/lang/Object;IILjava/util/Comparator;)I @ 27
Event: 30.191 Thread 0x000000001bf0f000 Uncommon trap: reason=unstable_if action=reinterpret pc=0x00000000043a0760 method=com.android.tools.r8.graph.i0.b(Lcom/android/tools/r8/graph/i0;)I @ 60
Event: 30.268 Thread 0x000000001bf0e000 Uncommon trap: reason=unstable_if action=reinterpret pc=0x0000000003a5c5dc method=com.android.tools.r8.ir.regalloc.b.compareTo(Ljava/lang/Object;)I @ 87
Event: 30.392 Thread 0x000000001bf09000 Uncommon trap: reason=unstable_if action=reinterpret pc=0x0000000004a5ce90 method=com.android.tools.r8.ir.regalloc.h.a(I)I @ 8
Event: 31.589 Thread 0x000000001bf09000 Uncommon trap: reason=unstable_if action=reinterpret pc=0x00000000043a2628 method=com.android.tools.r8.t.a.a.a.f.X$e.contains(Ljava/lang/Object;)Z @ 176
Event: 33.907 Thread 0x000000001bf10800 Uncommon trap: reason=unstable_if action=reinterpret pc=0x0000000005640c18 method=com.android.tools.r8.ir.regalloc.h.a(I)I @ 8
Event: 34.701 Thread 0x000000001bf12000 Uncommon trap: reason=class_check action=maybe_recompile pc=0x0000000005179468 method=com.android.tools.r8.ir.conversion.N.a(Lcom/android/tools/r8/graph/n1;)Lcom/android/tools/r8/s/b/X; @ 826
Event: 34.739 Thread 0x000000001bf0f000 Uncommon trap: reason=unstable_if action=reinterpret pc=0x000000000507e820 method=com.android.tools.r8.graph.I0$d.c()V @ 28
Event: 34.864 Thread 0x000000001bf0f800 Uncommon trap: reason=unstable_if action=reinterpret pc=0x00000000051c8634 method=com.android.tools.r8.s.b.t.a(ZLjava/util/function/Supplier;Lcom/android/tools/r8/graph/d0;)Lcom/android/tools/r8/s/b/W0; @ 109

Classes redefined (0 events):
No events

Internal exceptions (10 events):
Event: 34.336 Thread 0x000000001bf0a800 Exception <a 'sun/nio/fs/WindowsException'> (0x00000000da56e528) thrown at [C:\src\AOSP-openjdk-git\hotspot\src\share\vm\prims\jni.cpp, line 710]
Event: 34.337 Thread 0x000000001bf0f800 Exception <a 'sun/nio/fs/WindowsException'> (0x00000000d937b908) thrown at [C:\src\AOSP-openjdk-git\hotspot\src\share\vm\prims\jni.cpp, line 710]
Event: 34.635 Thread 0x000000001bf0a800 Exception <a 'sun/nio/fs/WindowsException'> (0x00000000e33d68d8) thrown at [C:\src\AOSP-openjdk-git\hotspot\src\share\vm\prims\jni.cpp, line 710]
Event: 34.666 Thread 0x000000001bf0e000 Exception <a 'sun/nio/fs/WindowsException'> (0x00000000d87c5180) thrown at [C:\src\AOSP-openjdk-git\hotspot\src\share\vm\prims\jni.cpp, line 710]
Event: 34.684 Thread 0x000000001bf0e000 Exception <a 'sun/nio/fs/WindowsException'> (0x00000000e42bd7e8) thrown at [C:\src\AOSP-openjdk-git\hotspot\src\share\vm\prims\jni.cpp, line 710]
Event: 34.687 Thread 0x000000001bf0a800 Exception <a 'sun/nio/fs/WindowsException'> (0x00000000e3ddad38) thrown at [C:\src\AOSP-openjdk-git\hotspot\src\share\vm\prims\jni.cpp, line 710]
Event: 34.692 Thread 0x000000001bf0a800 Exception <a 'sun/nio/fs/WindowsException'> (0x00000000e3e26888) thrown at [C:\src\AOSP-openjdk-git\hotspot\src\share\vm\prims\jni.cpp, line 710]
Event: 34.735 Thread 0x000000001bf0f000 Exception <a 'sun/nio/fs/WindowsException'> (0x00000000e536dc00) thrown at [C:\src\AOSP-openjdk-git\hotspot\src\share\vm\prims\jni.cpp, line 710]
Event: 34.748 Thread 0x000000001bf09000 Exception <a 'sun/nio/fs/WindowsException'> (0x00000000e5076f88) thrown at [C:\src\AOSP-openjdk-git\hotspot\src\share\vm\prims\jni.cpp, line 710]
Event: 34.771 Thread 0x000000001bf0f800 Exception <a 'sun/nio/fs/WindowsException'> (0x00000000e5d91368) thrown at [C:\src\AOSP-openjdk-git\hotspot\src\share\vm\prims\jni.cpp, line 710]

Events (10 events):
Event: 34.821 loading class com/android/tools/r8/ir/conversion/N done
Event: 34.829 Thread 0x000000001bf12000 DEOPT PACKING pc=0x00000000033cf00c sp=0x0000000023bdb320
Event: 34.829 Thread 0x000000001bf12000 DEOPT UNPACKING pc=0x0000000002ca75d0 sp=0x0000000023bdb088 mode 0
Event: 34.864 Thread 0x000000001bf0f800 Uncommon trap: trap_request=0xffffff65 fr.pc=0x00000000051c8634
Event: 34.864 Thread 0x000000001bf0f800 DEOPT PACKING pc=0x00000000051c8634 sp=0x00000000238da7b0
Event: 34.864 Thread 0x000000001bf0f800 DEOPT UNPACKING pc=0x0000000002ca557b sp=0x00000000238da6e0 mode 2
Event: 34.888 Thread 0x000000001bf0f800 DEOPT PACKING pc=0x00000000033ceff5 sp=0x00000000238da240
Event: 34.888 Thread 0x000000001bf0f800 DEOPT UNPACKING pc=0x0000000002ca75d0 sp=0x00000000238d9fa8 mode 0
Event: 34.925 Thread 0x000000001bf0f000 DEOPT PACKING pc=0x0000000004d891ce sp=0x00000000235d9a60
Event: 34.925 Thread 0x000000001bf0f000 DEOPT UNPACKING pc=0x0000000002ca75d0 sp=0x00000000235d9970 mode 0


Dynamic libraries:
0x00007ff691e90000 - 0x00007ff691ec1000 	C:\Program Files\Android\Android Studio\jre\bin\java.exe
0x00007ffba95d0000 - 0x00007ffba97c8000 	C:\WINDOWS\SYSTEM32\ntdll.dll
0x00007ffba7d00000 - 0x00007ffba7dbf000 	C:\WINDOWS\System32\KERNEL32.DLL
0x00007ffba6ee0000 - 0x00007ffba71b2000 	C:\WINDOWS\System32\KERNELBASE.dll
0x00007ffba7a90000 - 0x00007ffba7b3e000 	C:\WINDOWS\System32\ADVAPI32.dll
0x00007ffba7630000 - 0x00007ffba76ce000 	C:\WINDOWS\System32\msvcrt.dll
0x00007ffba8930000 - 0x00007ffba89cc000 	C:\WINDOWS\System32\sechost.dll
0x00007ffba93d0000 - 0x00007ffba94f5000 	C:\WINDOWS\System32\RPCRT4.dll
0x00007ffba82a0000 - 0x00007ffba843d000 	C:\WINDOWS\System32\USER32.dll
0x00007ffba6cd0000 - 0x00007ffba6cf2000 	C:\WINDOWS\System32\win32u.dll
0x00007ffba78d0000 - 0x00007ffba78fb000 	C:\WINDOWS\System32\GDI32.dll
0x00007ffba7430000 - 0x00007ffba753f000 	C:\WINDOWS\System32\gdi32full.dll
0x00007ffba71c0000 - 0x00007ffba725d000 	C:\WINDOWS\System32\msvcp_win.dll
0x00007ffba6d00000 - 0x00007ffba6e00000 	C:\WINDOWS\System32\ucrtbase.dll
0x00007ffb8cd30000 - 0x00007ffb8cfca000 	C:\WINDOWS\WinSxS\amd64_microsoft.windows.common-controls_6595b64144ccf1df_6.0.19041.1110_none_60b5254171f9507e\COMCTL32.dll
0x00007ffba9190000 - 0x00007ffba91c2000 	C:\WINDOWS\System32\IMM32.DLL
0x00000000747f0000 - 0x00000000748c2000 	C:\Program Files\Android\Android Studio\jre\jre\bin\msvcr100.dll
0x00000000748d0000 - 0x000000007511b000 	C:\Program Files\Android\Android Studio\jre\jre\bin\server\jvm.dll
0x00007ffba7620000 - 0x00007ffba7628000 	C:\WINDOWS\System32\PSAPI.DLL
0x00007ffb9bcc0000 - 0x00007ffb9bcca000 	C:\WINDOWS\SYSTEM32\VERSION.dll
0x00007ffb8d0e0000 - 0x00007ffb8d107000 	C:\WINDOWS\SYSTEM32\WINMM.dll
0x00007ffb92190000 - 0x00007ffb92199000 	C:\WINDOWS\SYSTEM32\WSOCK32.dll
0x00007ffba7dc0000 - 0x00007ffba7e2b000 	C:\WINDOWS\System32\WS2_32.dll
0x00007ffb92a20000 - 0x00007ffb92a2f000 	C:\Program Files\Android\Android Studio\jre\jre\bin\verify.dll
0x00007ffb82cf0000 - 0x00007ffb82d19000 	C:\Program Files\Android\Android Studio\jre\jre\bin\java.dll
0x00007ffb82f30000 - 0x00007ffb82f46000 	C:\Program Files\Android\Android Studio\jre\jre\bin\zip.dll
0x00007ffba8a40000 - 0x00007ffba9183000 	C:\WINDOWS\System32\SHELL32.dll
0x00007ffba4d70000 - 0x00007ffba5502000 	C:\WINDOWS\SYSTEM32\windows.storage.dll
0x00007ffba8520000 - 0x00007ffba8874000 	C:\WINDOWS\System32\combase.dll
0x00007ffba6730000 - 0x00007ffba6760000 	C:\WINDOWS\SYSTEM32\Wldp.dll
0x00007ffba79e0000 - 0x00007ffba7a8d000 	C:\WINDOWS\System32\SHCORE.dll
0x00007ffba7870000 - 0x00007ffba78c5000 	C:\WINDOWS\System32\shlwapi.dll
0x00007ffba6c10000 - 0x00007ffba6c2f000 	C:\WINDOWS\SYSTEM32\profapi.dll
0x00007ffb82c50000 - 0x00007ffb82c6a000 	C:\Program Files\Android\Android Studio\jre\jre\bin\net.dll
0x00007ffba6490000 - 0x00007ffba64fa000 	C:\WINDOWS\system32\mswsock.dll
0x00007ffb82940000 - 0x00007ffb82953000 	C:\Program Files\Android\Android Studio\jre\jre\bin\nio.dll
0x00007ffb7a710000 - 0x00007ffb7a737000 	C:\Users\khale\.gradle\native\f6784746aeab05261644944871eae4fe03e0ef1612fff0a4a95f87b438bc6780\windows-amd64\native-platform.dll
0x00007ffb8a3c0000 - 0x00007ffb8a3cd000 	C:\Program Files\Android\Android Studio\jre\jre\bin\management.dll
0x00007ffba6680000 - 0x00007ffba6698000 	C:\WINDOWS\SYSTEM32\CRYPTSP.dll
0x00007ffba5d40000 - 0x00007ffba5d74000 	C:\WINDOWS\system32\rsaenh.dll
0x00007ffba7540000 - 0x00007ffba7567000 	C:\WINDOWS\System32\bcrypt.dll
0x00007ffba6b90000 - 0x00007ffba6bbe000 	C:\WINDOWS\SYSTEM32\USERENV.dll
0x00007ffba6e00000 - 0x00007ffba6e82000 	C:\WINDOWS\System32\bcryptprimitives.dll
0x00007ffba66a0000 - 0x00007ffba66ac000 	C:\WINDOWS\SYSTEM32\CRYPTBASE.dll
0x00007ffba6130000 - 0x00007ffba616b000 	C:\WINDOWS\SYSTEM32\IPHLPAPI.DLL
0x00007ffba8a30000 - 0x00007ffba8a38000 	C:\WINDOWS\System32\NSI.dll
0x00007ffb9af30000 - 0x00007ffb9af47000 	C:\WINDOWS\SYSTEM32\dhcpcsvc6.DLL
0x00007ffb9bb00000 - 0x00007ffb9bb1d000 	C:\WINDOWS\SYSTEM32\dhcpcsvc.DLL
0x00007ffba6170000 - 0x00007ffba623a000 	C:\WINDOWS\SYSTEM32\DNSAPI.dll
0x00007ffb9cb50000 - 0x00007ffb9cb5b000 	C:\WINDOWS\SYSTEM32\WINNSI.DLL

VM Arguments:
jvm_args: -Xmx2048m -Dfile.encoding=UTF-8 -Duser.country=US -Duser.language=en -Duser.variant 
java_command: org.gradle.launcher.daemon.bootstrap.GradleDaemon 6.5
java_class_path (initial): C:\Users\khale\.gradle\wrapper\dists\gradle-6.5-bin\6nifqtx7604sqp1q6g8wikw7p\gradle-6.5\lib\gradle-launcher-6.5.jar
Launcher Type: SUN_STANDARD

Environment Variables:
PATH=C:\Python310\Scripts\;C:\Python310\;C:\Program Files (x86)\Common Files\Oracle\Java\javapath;C:\Python38\Scripts\;C:\Python38\;C:\Program Files (x86)\Razer Chroma SDK\bin;C:\Program Files\Razer Chroma SDK\bin;C:\Program Files (x86)\Razer\ChromaBroadcast\bin;C:\Program Files\Razer\ChromaBroadcast\bin;C:\Windows\system32;C:\Windows;C:\Windows\System32\Wbem;C:\Windows\System32\WindowsPowerShell\v1.0\;C:\Windows\System32\OpenSSH\;C:\Users\Administrator\AppData\Local\Microsoft\WindowsApps;C:\Windows\system32\config\systemprofile\AppData\Local\Microsoft\WindowsApps;C:\ProgramData\chocolatey\bin;C:\Program Files\PuTTY\;C:\WINDOWS\system32;C:\WINDOWS;C:\WINDOWS\System32\Wbem;C:\WINDOWS\System32\WindowsPowerShell\v1.0\;C:\WINDOWS\System32\OpenSSH\;C:\Program Files\Amazon\AWSCLIV2\;C:\Program Files\nodejs\;C:\mongodb\bin;C:\Program Files\Git\cmd;C:\Program Files\dotnet\;C:\Users\khale\AppData\Local\Microsoft\WindowsApps;C:\Program Files\JetBrains\IntelliJ IDEA Community Edition 2020.1.3\bin;;;C:\Users\khale\AppData\Local\Programs\Microsoft VS Code\bin;C:\Users\khale\AppData\Roaming\npm
USERNAME=khale
OS=Windows_NT
PROCESSOR_IDENTIFIER=Intel64 Family 6 Model 126 Stepping 5, GenuineIntel



---------------  S Y S T E M  ---------------

OS: Windows 10.0 , 64 bit Build 19041 (10.0.19041.2251)

CPU:total 8 (initial active 8) (4 cores per cpu, 2 threads per core) family 6 model 126 stepping 5, cmov, cx8, fxsr, mmx, sse, sse2, sse3, ssse3, sse4.1, sse4.2, popcnt, avx, avx2, aes, clmul, erms, 3dnowpref, lzcnt, ht, tsc, tscinvbit, bmi1, bmi2, adx

Memory: 4k page, physical 16597812k(1222968k free), swap 19039744k(3444k free)

vm_info: OpenJDK 64-Bit Server VM (25.242-b01) for windows-amd64 JRE (1.8.0_242-release-1644-b01), built by "builder" with MS VC++ 10.0 (VS2010)

time: Thu Dec 01 10:29:08 2022
timezone: GMT Standard Time
elapsed time: 34 seconds (0d 0h 0m 34s)

